--------------------------------------------------------------------------------
gmapper: LETTER SPACE (454,Illumina/Solexa,etc.).
SHRiMP 2.2.2
[GCC 4.1.2 20080704 (Red Hat 4.1.2-50); CXXFLAGS="-O3 -DNDEBUG -mmmx -msse -msse2 -fopenmp -Wall -Wno-deprecated -D__STDC_FORMAT_MACROS -D__STDC_LIMIT_MACROS -DGIT_VERSION=ad69ce1"]
--------------------------------------------------------------------------------
Loading genome from group1-46gb-12_12_12_12_12_12_12_12_12_12seeds-1of1-ls.genome
Loading seed from group1-46gb-12_12_12_12_12_12_12_12_12_12seeds-1of1-ls.seed.0
Loading seed from group1-46gb-12_12_12_12_12_12_12_12_12_12seeds-1of1-ls.seed.1
Loading seed from group1-46gb-12_12_12_12_12_12_12_12_12_12seeds-1of1-ls.seed.2
Loading seed from group1-46gb-12_12_12_12_12_12_12_12_12_12seeds-1of1-ls.seed.3
Loading seed from group1-46gb-12_12_12_12_12_12_12_12_12_12seeds-1of1-ls.seed.4
Loading seed from group1-46gb-12_12_12_12_12_12_12_12_12_12seeds-1of1-ls.seed.5
Loading seed from group1-46gb-12_12_12_12_12_12_12_12_12_12seeds-1of1-ls.seed.6
Loading seed from group1-46gb-12_12_12_12_12_12_12_12_12_12seeds-1of1-ls.seed.7
Loading seed from group1-46gb-12_12_12_12_12_12_12_12_12_12seeds-1of1-ls.seed.8
Loading seed from group1-46gb-12_12_12_12_12_12_12_12_12_12seeds-1of1-ls.seed.9
Settings:
    Spaced Seeds (weight/span)              01111111111111111111111111000 (25/29)
                                            10111111111111111111111111000 (25/29)
                                            11011111111111111111111111000 (25/29)
                                            11101111111111111111111111000 (25/29)
                                            11110111111111111111111111000 (25/29)
                                            11111011111111111111111111000 (25/29)
                                            11111101111111111111111111000 (25/29)
                                            11111110111111111111111111000 (25/29)
                                            11111111011111111111111111000 (25/29)
                                            11111111101111111111111111000 (25/29)

    Number of threads:                      16
    Thread chunk size:                      1000
    Window length:                          140.00%
    Hash filter calls:                      yes
    Anchor width:                           8
    Indel taboo Len:                        0 (disabled)
    Index list cutoff length:               1000
    Gapless mode:                           no
    Global alignment:                       yes
    Region filter:                          yes
    Region size:                            2048
    Region overlap:                         50
    Ignore QVs:                             no
    Minimum average qv:                     10
    Compute mapping qualities:              yes
    All contigs:                            no
    Single best mapping:                    no

    SW Match Score:                         10        
    SW Mismatch Score [Prob]:               -15       	[1.0e-02]
    SW Del Open Score [Prob]:               -100      	[1.3e-10]
    SW Ins Open Score [Prob]:               -100      	[1.3e-10]
    SW Del Extend Score [Prob]:             -10       	[1.0e-01]
    SW Ins Extend Score [Prob]:             -10       	[4.2e-02]

Unpaired mapping options, set [0]
[
  regions:
    recompute:false
  anchor_list:
    recompute:true
    collapse:true
    use_region_counts:false
    use_mp_region_counts:0
  hit_list:
    recompute:true
    gapless:false
    match_mode:1
    threshold:55.00%
  pass1:
    recompute:true
    threshold:50.00%
    window_overlap:90.00%
    min_matches:1
    gapless:false
    num_outputs:30
  pass2:
    threshold:50.00%
    strata:false
    save_outputs:false
    num_outputs:10
  stop:
    stop_count:0
]

note: detected fastq format in input file [/proj/seth_lab/users/Matt/sm_RNA_pipeline_code/dev/mirquant2.0/tutorial/SampleA./IntermediateFiles/SampleA_29.noHit]
- Processing read file [/proj/seth_lab/users/Matt/sm_RNA_pipeline_code/dev/mirquant2.0/tutorial/SampleA./IntermediateFiles/SampleA_29.noHit]
note: quality value format set to PHRED+33
done r/hr r/core-hr


Statistics:
    Overall:
        Load Genome Time:       2.75 seconds
        Read Mapping Time:      0.02 seconds
        Reads per hour:         566,919,872
        Reads per core-hour:    35,432,492

    Spaced Seed Scan:
        Run-time:               0.02 seconds

    Vector Smith-Waterman:
        Run-time:               0.00 seconds
        Invocations:            1,299
        Bypassed Calls:         217
        Cells Computed:         1.50 million
        Cells per Second:       632.30 million

    Scalar Smith-Waterman:
        Run-time:               0.00 seconds
        Invocations:            395
        Cells Computed:         0.19 million
        Cells per Second:       48.68 million

    Miscellaneous Totals:
        Fasta Lib Time:         0.03 seconds
        Read Load Time:         0.16 seconds
        Wait Time:              0.21 seconds

    General:
        Reads Matched:          51    (1.3226%)
        ... with QV >= 10:      12    (0.3112%)
        Reads Dropped:          0    (0.0000%)
        Total Matches:          226
        Avg Hits/Matched Read:  4.43
        Duplicate Hits Pruned:  0

    Memory usage:
        Genomemap:              0
