--------------------------------------------------------------------------------
gmapper: LETTER SPACE (454,Illumina/Solexa,etc.).
SHRiMP 2.2.2
[GCC 4.1.2 20080704 (Red Hat 4.1.2-50); CXXFLAGS="-O3 -DNDEBUG -mmmx -msse -msse2 -fopenmp -Wall -Wno-deprecated -D__STDC_FORMAT_MACROS -D__STDC_LIMIT_MACROS -DGIT_VERSION=ad69ce1"]
--------------------------------------------------------------------------------
Loading genome from group0-46gb-12_12_12_12_12_12_12_12_12_12_12_12_12_12_12_12seeds-1of1-ls.genome
Loading seed from group0-46gb-12_12_12_12_12_12_12_12_12_12_12_12_12_12_12_12seeds-1of1-ls.seed.0
Loading seed from group0-46gb-12_12_12_12_12_12_12_12_12_12_12_12_12_12_12_12seeds-1of1-ls.seed.1
Loading seed from group0-46gb-12_12_12_12_12_12_12_12_12_12_12_12_12_12_12_12seeds-1of1-ls.seed.2
Loading seed from group0-46gb-12_12_12_12_12_12_12_12_12_12_12_12_12_12_12_12seeds-1of1-ls.seed.3
Loading seed from group0-46gb-12_12_12_12_12_12_12_12_12_12_12_12_12_12_12_12seeds-1of1-ls.seed.4
Loading seed from group0-46gb-12_12_12_12_12_12_12_12_12_12_12_12_12_12_12_12seeds-1of1-ls.seed.5
Loading seed from group0-46gb-12_12_12_12_12_12_12_12_12_12_12_12_12_12_12_12seeds-1of1-ls.seed.6
Loading seed from group0-46gb-12_12_12_12_12_12_12_12_12_12_12_12_12_12_12_12seeds-1of1-ls.seed.7
Loading seed from group0-46gb-12_12_12_12_12_12_12_12_12_12_12_12_12_12_12_12seeds-1of1-ls.seed.8
Loading seed from group0-46gb-12_12_12_12_12_12_12_12_12_12_12_12_12_12_12_12seeds-1of1-ls.seed.9
Loading seed from group0-46gb-12_12_12_12_12_12_12_12_12_12_12_12_12_12_12_12seeds-1of1-ls.seed.10
Loading seed from group0-46gb-12_12_12_12_12_12_12_12_12_12_12_12_12_12_12_12seeds-1of1-ls.seed.11
Loading seed from group0-46gb-12_12_12_12_12_12_12_12_12_12_12_12_12_12_12_12seeds-1of1-ls.seed.12
Loading seed from group0-46gb-12_12_12_12_12_12_12_12_12_12_12_12_12_12_12_12seeds-1of1-ls.seed.13
Loading seed from group0-46gb-12_12_12_12_12_12_12_12_12_12_12_12_12_12_12_12seeds-1of1-ls.seed.14
Loading seed from group0-46gb-12_12_12_12_12_12_12_12_12_12_12_12_12_12_12_12seeds-1of1-ls.seed.15
Settings:
    Spaced Seeds (weight/span)              1111011111111111111100 (19/22)
                                            1111101111111111111100 (19/22)
                                            1111110111111111111100 (19/22)
                                            1111111011111111111100 (19/22)
                                            1111111101111111111100 (19/22)
                                            1111111110111111111100 (19/22)
                                            1111111111011111111100 (19/22)
                                            1111111111101111111100 (19/22)
                                            1111111111110111111100 (19/22)
                                            1111111111111011111100 (19/22)
                                            1111111111111101111100 (19/22)
                                            1111111111111110111100 (19/22)
                                            1111111111111111011100 (19/22)
                                            1111111111111111101100 (19/22)
                                            1111111111111111110100 (19/22)
                                            1111111111111111111000 (19/22)

    Number of threads:                      16
    Thread chunk size:                      1000
    Window length:                          140.00%
    Hash filter calls:                      yes
    Anchor width:                           8
    Indel taboo Len:                        0 (disabled)
    Index list cutoff length:               1000
    Gapless mode:                           no
    Global alignment:                       yes
    Region filter:                          yes
    Region size:                            2048
    Region overlap:                         50
    Ignore QVs:                             no
    Minimum average qv:                     10
    Compute mapping qualities:              yes
    All contigs:                            no
    Single best mapping:                    no

    SW Match Score:                         10        
    SW Mismatch Score [Prob]:               -15       	[1.0e-02]
    SW Del Open Score [Prob]:               -100      	[1.3e-10]
    SW Ins Open Score [Prob]:               -100      	[1.3e-10]
    SW Del Extend Score [Prob]:             -10       	[1.0e-01]
    SW Ins Extend Score [Prob]:             -10       	[4.2e-02]

Unpaired mapping options, set [0]
[
  regions:
    recompute:false
  anchor_list:
    recompute:true
    collapse:true
    use_region_counts:false
    use_mp_region_counts:0
  hit_list:
    recompute:true
    gapless:false
    match_mode:1
    threshold:55.00%
  pass1:
    recompute:true
    threshold:50.00%
    window_overlap:90.00%
    min_matches:1
    gapless:false
    num_outputs:30
  pass2:
    threshold:50.00%
    strata:false
    save_outputs:false
    num_outputs:10
  stop:
    stop_count:0
]

note: detected fastq format in input file [/proj/seth_lab/users/Matt/sm_RNA_pipeline_code/dev/mirquant2.0/tutorial/SampleB./IntermediateFiles/SampleB_22.noHit]
- Processing read file [/proj/seth_lab/users/Matt/sm_RNA_pipeline_code/dev/mirquant2.0/tutorial/SampleB./IntermediateFiles/SampleB_22.noHit]
note: quality value format set to PHRED+33
done r/hr r/core-hr


Statistics:
    Overall:
        Load Genome Time:       4.59 seconds
        Read Mapping Time:      0.07 seconds
        Reads per hour:         117,172,597
        Reads per core-hour:    7,323,287

    Spaced Seed Scan:
        Run-time:               0.05 seconds

    Vector Smith-Waterman:
        Run-time:               0.02 seconds
        Invocations:            12,828
        Bypassed Calls:         2,339
        Cells Computed:         8.46 million
        Cells per Second:       530.10 million

    Scalar Smith-Waterman:
        Run-time:               0.05 seconds
        Invocations:            7,178
        Cells Computed:         2.51 million
        Cells per Second:       46.45 million

    Miscellaneous Totals:
        Fasta Lib Time:         0.02 seconds
        Read Load Time:         0.18 seconds
        Wait Time:              0.81 seconds

    General:
        Reads Matched:          1,615    (72.0339%)
        ... with QV >= 10:      591    (26.3604%)
        Reads Dropped:          0    (0.0000%)
        Total Matches:          5,212
        Avg Hits/Matched Read:  3.23
        Duplicate Hits Pruned:  0

    Memory usage:
        Genomemap:              0
