--------------------------------------------------------------------------------
gmapper: LETTER SPACE (454,Illumina/Solexa,etc.).
SHRiMP 2.2.2
[GCC 4.1.2 20080704 (Red Hat 4.1.2-50); CXXFLAGS="-O3 -DNDEBUG -mmmx -msse -msse2 -fopenmp -Wall -Wno-deprecated -D__STDC_FORMAT_MACROS -D__STDC_LIMIT_MACROS -DGIT_VERSION=ad69ce1"]
--------------------------------------------------------------------------------
Loading genome from group0-46gb-12_12_12_12_12_12_12_12_12_12_12_12_12_12_12seeds-1of1-ls.genome
Loading seed from group0-46gb-12_12_12_12_12_12_12_12_12_12_12_12_12_12_12seeds-1of1-ls.seed.0
Loading seed from group0-46gb-12_12_12_12_12_12_12_12_12_12_12_12_12_12_12seeds-1of1-ls.seed.1
Loading seed from group0-46gb-12_12_12_12_12_12_12_12_12_12_12_12_12_12_12seeds-1of1-ls.seed.2
Loading seed from group0-46gb-12_12_12_12_12_12_12_12_12_12_12_12_12_12_12seeds-1of1-ls.seed.3
Loading seed from group0-46gb-12_12_12_12_12_12_12_12_12_12_12_12_12_12_12seeds-1of1-ls.seed.4
Loading seed from group0-46gb-12_12_12_12_12_12_12_12_12_12_12_12_12_12_12seeds-1of1-ls.seed.5
Loading seed from group0-46gb-12_12_12_12_12_12_12_12_12_12_12_12_12_12_12seeds-1of1-ls.seed.6
Loading seed from group0-46gb-12_12_12_12_12_12_12_12_12_12_12_12_12_12_12seeds-1of1-ls.seed.7
Loading seed from group0-46gb-12_12_12_12_12_12_12_12_12_12_12_12_12_12_12seeds-1of1-ls.seed.8
Loading seed from group0-46gb-12_12_12_12_12_12_12_12_12_12_12_12_12_12_12seeds-1of1-ls.seed.9
Loading seed from group0-46gb-12_12_12_12_12_12_12_12_12_12_12_12_12_12_12seeds-1of1-ls.seed.10
Loading seed from group0-46gb-12_12_12_12_12_12_12_12_12_12_12_12_12_12_12seeds-1of1-ls.seed.11
Loading seed from group0-46gb-12_12_12_12_12_12_12_12_12_12_12_12_12_12_12seeds-1of1-ls.seed.12
Loading seed from group0-46gb-12_12_12_12_12_12_12_12_12_12_12_12_12_12_12seeds-1of1-ls.seed.13
Loading seed from group0-46gb-12_12_12_12_12_12_12_12_12_12_12_12_12_12_12seeds-1of1-ls.seed.14
Settings:
    Spaced Seeds (weight/span)              0111111111111110 (14/16)
                                            1011111111111110 (14/16)
                                            1101111111111110 (14/16)
                                            1110111111111110 (14/16)
                                            1111011111111110 (14/16)
                                            1111101111111110 (14/16)
                                            1111110111111110 (14/16)
                                            1111111011111110 (14/16)
                                            1111111101111110 (14/16)
                                            1111111110111110 (14/16)
                                            1111111111011110 (14/16)
                                            1111111111101110 (14/16)
                                            1111111111110110 (14/16)
                                            1111111111111010 (14/16)
                                            1111111111111100 (14/16)

    Number of threads:                      16
    Thread chunk size:                      1000
    Window length:                          140.00%
    Hash filter calls:                      yes
    Anchor width:                           8
    Indel taboo Len:                        0 (disabled)
    Index list cutoff length:               1000
    Gapless mode:                           no
    Global alignment:                       yes
    Region filter:                          yes
    Region size:                            2048
    Region overlap:                         50
    Ignore QVs:                             no
    Minimum average qv:                     10
    Compute mapping qualities:              yes
    All contigs:                            no
    Single best mapping:                    no

    SW Match Score:                         10        
    SW Mismatch Score [Prob]:               -15       	[1.0e-02]
    SW Del Open Score [Prob]:               -100      	[1.3e-10]
    SW Ins Open Score [Prob]:               -100      	[1.3e-10]
    SW Del Extend Score [Prob]:             -10       	[1.0e-01]
    SW Ins Extend Score [Prob]:             -10       	[4.2e-02]

Unpaired mapping options, set [0]
[
  regions:
    recompute:false
  anchor_list:
    recompute:true
    collapse:true
    use_region_counts:false
    use_mp_region_counts:0
  hit_list:
    recompute:true
    gapless:false
    match_mode:1
    threshold:55.00%
  pass1:
    recompute:true
    threshold:50.00%
    window_overlap:90.00%
    min_matches:1
    gapless:false
    num_outputs:30
  pass2:
    threshold:50.00%
    strata:false
    save_outputs:false
    num_outputs:10
  stop:
    stop_count:0
]

note: detected fastq format in input file [/proj/seth_lab/users/Matt/sm_RNA_pipeline_code/dev/mirquant2.0/tutorial/SampleB./IntermediateFiles/SampleB_16.noHit]
- Processing read file [/proj/seth_lab/users/Matt/sm_RNA_pipeline_code/dev/mirquant2.0/tutorial/SampleB./IntermediateFiles/SampleB_16.noHit]
note: quality value format set to PHRED+33
done r/hr r/core-hr


Statistics:
    Overall:
        Load Genome Time:       4.12 seconds
        Read Mapping Time:      0.07 seconds
        Reads per hour:         28,544,459
        Reads per core-hour:    1,784,028

    Spaced Seed Scan:
        Run-time:               0.03 seconds

    Vector Smith-Waterman:
        Run-time:               0.01 seconds
        Invocations:            11,676
        Bypassed Calls:         3,650
        Cells Computed:         4.11 million
        Cells per Second:       448.00 million

    Scalar Smith-Waterman:
        Run-time:               0.04 seconds
        Invocations:            7,122
        Cells Computed:         1.70 million
        Cells per Second:       45.95 million

    Miscellaneous Totals:
        Fasta Lib Time:         0.01 seconds
        Read Load Time:         1.11 seconds
        Wait Time:              0.01 seconds

    General:
        Reads Matched:          517    (87.9252%)
        ... with QV >= 10:      60    (10.2041%)
        Reads Dropped:          0    (0.0000%)
        Total Matches:          3,810
        Avg Hits/Matched Read:  7.37
        Duplicate Hits Pruned:  0

    Memory usage:
        Genomemap:              0
